<?xml version="1.0" encoding="UTF-8"?>
<!-- Generated by org.testng.reporters.JUnitReportReporter -->
<testsuite hostname="classroom-PC" name="myPack.Prasad" tests="4" failures="0" timestamp="21 Jan 2020 13:47:19 GMT" time="56.630" errors="0">
  <testcase name="addEmp" time="40.199" classname="myPack.Prasad"/>
  <testcase name="verifyLogin" time="16.430" classname="myPack.Prasad"/>
  <testcase name="deleteEmp" time="0.001" classname="myPack.Prasad"/>
  <testcase name="editEmp" time="0.000" classname="myPack.Prasad"/>
</testsuite> <!-- myPack.Prasad -->
